TN:
SF:src/api/getDegrees.ts
FN:5,(anonymous_1)
FNF:1
FNH:1
FNDA:2,(anonymous_1)
DA:1,15
DA:5,15
DA:6,2
DA:7,2
DA:8,2
DA:11,15
LF:6
LH:6
BRF:0
BRH:0
end_of_record
TN:
SF:src/api/getJobs.ts
FN:5,(anonymous_1)
FNF:1
FNH:1
FNDA:2,(anonymous_1)
DA:1,15
DA:5,15
DA:6,2
DA:7,2
DA:8,2
DA:11,15
LF:6
LH:6
BRF:0
BRH:0
end_of_record
TN:
SF:src/components/JobResults/JobListing.vue
FN:75,(anonymous_0)
FN:76,(anonymous_1)
FNF:2
FNH:2
FNDA:5,(anonymous_0)
FNDA:5,(anonymous_1)
DA:64,2
DA:67,2
DA:76,5
DA:77,5
LF:4
LH:4
BRF:0
BRH:0
end_of_record
TN:
SF:src/components/JobResults/JobListings.vue
FN:55,(anonymous_1)
FN:63,(anonymous_2)
FN:69,(anonymous_3)
FNF:3
FNH:2
FNDA:8,(anonymous_1)
FNDA:0,(anonymous_2)
FNDA:8,(anonymous_3)
DA:39,1
DA:41,1
DA:42,1
DA:43,1
DA:48,1
DA:50,1
DA:56,8
DA:57,8
DA:59,8
DA:61,8
DA:63,8
DA:64,8
DA:69,8
DA:70,8
DA:71,8
DA:72,8
DA:73,8
DA:76,8
LF:18
LH:18
BRF:0
BRH:0
end_of_record
TN:
SF:src/components/JobResults/JobFiltersSidebar/JobFiltersSidebar.vue
FNF:0
FNH:0
DA:34,1
DA:36,1
DA:38,1
DA:39,1
DA:40,1
DA:41,1
DA:42,1
DA:44,1
LF:8
LH:8
BRF:0
BRH:0
end_of_record
TN:
SF:src/components/JobResults/JobFiltersSidebar/JobFiltersSidebarCheckboxGroup.vue
FN:42,(anonymous_0)
FN:48,(anonymous_1)
FN:54,(anonymous_2)
FNF:3
FNH:2
FNDA:3,(anonymous_0)
FNDA:0,(anonymous_1)
FNDA:2,(anonymous_2)
DA:23,5
DA:24,5
DA:25,5
DA:27,5
DA:28,5
DA:30,5
DA:43,3
DA:44,3
DA:46,3
DA:48,3
DA:49,0
DA:50,0
DA:54,3
DA:55,2
DA:56,2
DA:59,3
LF:16
LH:14
BRDA:49,0,0,0
BRF:1
BRH:0
end_of_record
TN:
SF:src/components/JobResults/JobFiltersSidebar/JobFiltersSidebarDegrees.vue
FN:22,(anonymous_1)
FNF:1
FNH:1
FNDA:1,(anonymous_1)
DA:10,2
DA:12,2
DA:13,2
DA:15,2
DA:17,2
DA:23,1
DA:24,1
LF:7
LH:7
BRF:0
BRH:0
end_of_record
TN:
SF:src/components/JobResults/JobFiltersSidebar/JobFiltersSidebarJobTypes.vue
FN:22,(anonymous_1)
FNF:1
FNH:1
FNDA:1,(anonymous_1)
DA:10,2
DA:12,2
DA:13,2
DA:15,2
DA:17,2
DA:23,1
DA:24,1
LF:7
LH:7
BRF:0
BRH:0
end_of_record
TN:
SF:src/components/JobResults/JobFiltersSidebar/JobFiltersSidebarOrganizations.vue
FN:23,(anonymous_1)
FNF:1
FNH:1
FNDA:1,(anonymous_1)
DA:11,2
DA:13,2
DA:15,2
DA:16,2
DA:18,2
DA:24,1
DA:25,1
LF:7
LH:7
BRF:0
BRH:0
end_of_record
TN:
SF:src/components/JobResults/JobFiltersSidebar/JobFiltersSidebarPrompt.vue
FN:28,(anonymous_1)
FN:30,(anonymous_2)
FNF:2
FNH:2
FNDA:1,(anonymous_1)
FNDA:1,(anonymous_2)
DA:16,2
DA:17,2
DA:19,2
DA:21,2
DA:23,2
DA:25,2
DA:29,1
DA:30,1
DA:31,1
DA:33,1
LF:10
LH:10
BRF:0
BRH:0
end_of_record
TN:
SF:src/components/JobResults/JobFiltersSidebar/JobFiltersSidebarSkills.vue
FNF:0
FNH:0
DA:20,1
DA:22,1
LF:2
LH:2
BRF:0
BRH:0
end_of_record
TN:
SF:src/components/JobSearch/Headline.vue
FN:30,(anonymous_1)
FN:37,(anonymous_2)
FN:43,(anonymous_3)
FN:46,(anonymous_4)
FN:50,(anonymous_5)
FN:51,(anonymous_6)
FNF:6
FNH:6
FNDA:4,(anonymous_1)
FNDA:7,(anonymous_2)
FNDA:4,(anonymous_3)
FNDA:1,(anonymous_4)
FNDA:4,(anonymous_5)
FNDA:3,(anonymous_6)
DA:16,1
DA:17,1
DA:28,1
DA:31,4
DA:38,7
DA:44,4
DA:47,1
DA:50,4
DA:51,4
DA:52,3
DA:53,3
LF:11
LH:11
BRF:0
BRH:0
end_of_record
TN:
SF:src/components/JobSearch/JobSearchForm.vue
FN:70,(anonymous_1)
FN:76,(anonymous_2)
FNF:2
FNH:2
FNDA:1,(anonymous_1)
FNDA:1,(anonymous_2)
DA:58,1
DA:59,1
DA:61,1
DA:62,1
DA:64,1
DA:71,1
DA:73,1
DA:74,1
DA:76,1
DA:77,1
DA:83,1
LF:11
LH:11
BRF:0
BRH:0
end_of_record
TN:
SF:src/components/JobSearch/Spotlight.vue
FN:26,(anonymous_14)
FN:29,(anonymous_15)
FNF:2
FNH:2
FNDA:3,(anonymous_14)
FNDA:6,(anonymous_15)
DA:14,1
DA:15,1
DA:24,1
DA:26,3
DA:27,3
DA:29,3
DA:30,3
DA:31,3
DA:32,3
DA:33,3
DA:35,3
DA:37,3
LF:12
LH:12
BRF:0
BRH:0
end_of_record
TN:
SF:src/components/Navigation/MainNav.vue
FN:69,(anonymous_3)
FN:82,(anonymous_4)
FNF:2
FNH:2
FNDA:6,(anonymous_3)
FNDA:6,(anonymous_4)
DA:53,1
DA:54,1
DA:56,1
DA:57,1
DA:58,1
DA:60,1
DA:62,1
DA:70,6
DA:83,6
LF:9
LH:9
BRF:0
BRH:0
end_of_record
TN:
SF:src/components/Navigation/ProfileImage.vue
FN:10,(anonymous_0)
FNF:1
FNH:1
FNDA:1,(anonymous_0)
DA:6,2
DA:8,2
DA:11,1
LF:3
LH:3
BRF:0
BRH:0
end_of_record
TN:
SF:src/components/Navigation/Subnav.vue
FN:23,(anonymous_1)
FNF:1
FNH:1
FNDA:2,(anonymous_1)
DA:16,2
DA:18,2
DA:19,2
DA:21,2
DA:24,2
DA:25,2
DA:26,2
LF:7
LH:7
BRF:0
BRH:0
end_of_record
TN:
SF:src/components/Shared/Accordion.vue
FN:31,(anonymous_0)
FN:34,(anonymous_1)
FN:38,(anonymous_2)
FNF:3
FNH:3
FNDA:2,(anonymous_0)
FNDA:2,(anonymous_1)
FNDA:4,(anonymous_2)
DA:21,2
DA:23,2
DA:32,2
DA:34,2
DA:35,2
DA:38,2
DA:39,4
DA:42,2
LF:8
LH:8
BRDA:39,0,0,2
BRDA:39,0,1,2
BRF:2
BRH:2
end_of_record
TN:
SF:src/components/Shared/ActionButton.vue
FN:21,(anonymous_0)
FN:26,(anonymous_1)
FN:29,(anonymous_2)
FNF:3
FNH:3
FNDA:8,(anonymous_0)
FNDA:4,(anonymous_1)
FNDA:4,(anonymous_2)
DA:8,5
DA:10,5
DA:22,8
DA:27,4
DA:29,4
DA:30,4
DA:34,4
LF:7
LH:7
BRF:0
BRH:0
end_of_record
TN:
SF:src/components/Shared/HeaderContainer.vue
FNF:0
FNH:0
DA:11,1
DA:13,1
LF:2
LH:2
BRF:0
BRH:0
end_of_record
TN:
SF:src/components/Shared/TextInput.vue
FN:29,(anonymous_0)
FNF:1
FNH:1
FNDA:5,(anonymous_0)
DA:12,2
DA:14,2
DA:30,5
DA:31,5
LF:4
LH:4
BRF:0
BRH:0
end_of_record
TN:
SF:src/composables/useConfirmRoute.ts
FN:4,(anonymous_0)
FN:6,(anonymous_1)
FNF:2
FNH:2
FNDA:1,(anonymous_0)
FNDA:1,(anonymous_1)
DA:1,3
DA:2,3
DA:4,3
DA:5,1
DA:6,1
DA:9,3
LF:6
LH:6
BRF:0
BRH:0
end_of_record
TN:
SF:src/composables/useCurrentPage.ts
FN:4,(anonymous_0)
FN:7,(anonymous_1)
FNF:2
FNH:2
FNDA:2,(anonymous_0)
FNDA:2,(anonymous_1)
DA:1,2
DA:2,2
DA:4,2
DA:5,2
DA:6,2
DA:7,2
DA:10,2
LF:7
LH:7
BRDA:7,0,0,2
BRDA:7,0,1,1
BRF:2
BRH:2
end_of_record
TN:
SF:src/composables/usePreviousAndNextPages.ts
FN:7,(anonymous_0)
FN:11,(anonymous_1)
FN:17,(anonymous_2)
FNF:3
FNH:3
FNDA:4,(anonymous_0)
FNDA:2,(anonymous_1)
FNDA:2,(anonymous_2)
DA:1,2
DA:7,2
DA:11,4
DA:12,2
DA:13,2
DA:14,2
DA:17,4
DA:18,2
DA:19,2
DA:22,4
DA:25,2
LF:11
LH:11
BRDA:14,0,0,1
BRDA:14,0,1,1
BRDA:19,1,0,1
BRDA:19,1,1,1
BRF:4
BRH:4
end_of_record
TN:
SF:src/store/actions.ts
FN:17,(anonymous_1)
FN:21,(anonymous_2)
FNF:2
FNH:2
FNDA:2,(anonymous_1)
FNDA:2,(anonymous_2)
DA:3,14
DA:4,14
DA:5,14
DA:16,14
DA:18,2
DA:19,2
DA:22,2
DA:23,2
DA:27,14
LF:9
LH:9
BRF:0
BRH:0
end_of_record
TN:
SF:src/store/composables.ts
FN:18,(anonymous_0)
FN:20,(anonymous_1)
FN:23,(anonymous_2)
FN:25,(anonymous_3)
FN:28,(anonymous_4)
FN:30,(anonymous_5)
FN:33,(anonymous_6)
FN:35,(anonymous_7)
FN:39,(anonymous_8)
FN:44,(anonymous_9)
FNF:10
FNH:10
FNDA:1,(anonymous_0)
FNDA:1,(anonymous_1)
FNDA:1,(anonymous_2)
FNDA:1,(anonymous_3)
FNDA:1,(anonymous_4)
FNDA:1,(anonymous_5)
FNDA:1,(anonymous_6)
FNDA:1,(anonymous_7)
FNDA:1,(anonymous_8)
FNDA:1,(anonymous_9)
DA:1,8
DA:2,8
DA:4,8
DA:15,8
DA:18,8
DA:19,1
DA:20,1
DA:23,8
DA:24,1
DA:25,1
DA:28,8
DA:29,1
DA:30,1
DA:33,8
DA:34,1
DA:35,1
DA:39,8
DA:40,1
DA:41,1
DA:44,8
DA:45,1
DA:46,1
LF:22
LH:22
BRF:0
BRH:0
end_of_record
TN:
SF:src/store/constants.ts
FNF:0
FNH:0
DA:2,16
DA:5,16
DA:6,16
DA:7,16
DA:8,16
DA:12,16
DA:13,16
DA:16,16
DA:17,16
DA:18,16
DA:21,16
DA:22,16
DA:23,16
DA:26,16
DA:27,16
DA:28,16
DA:29,16
DA:30,16
LF:18
LH:18
BRF:0
BRH:0
end_of_record
TN:
SF:src/store/getters.ts
FN:22,(anonymous_0)
FN:24,(anonymous_1)
FN:27,(anonymous_2)
FN:29,(anonymous_3)
FN:32,(anonymous_4)
FN:33,(anonymous_5)
FN:35,(anonymous_6)
FN:35,(anonymous_7)
FN:39,(anonymous_8)
FN:39,(anonymous_9)
FN:43,(anonymous_10)
FN:43,(anonymous_11)
FN:47,(anonymous_12)
FN:47,(anonymous_13)
FN:52,(anonymous_14)
FN:54,(anonymous_15)
FN:55,(anonymous_16)
FN:56,(anonymous_17)
FNF:18
FNH:18
FNDA:1,(anonymous_0)
FNDA:3,(anonymous_1)
FNDA:1,(anonymous_2)
FNDA:3,(anonymous_3)
FNDA:1,(anonymous_4)
FNDA:2,(anonymous_5)
FNDA:2,(anonymous_6)
FNDA:2,(anonymous_7)
FNDA:2,(anonymous_8)
FNDA:2,(anonymous_9)
FNDA:2,(anonymous_10)
FNDA:2,(anonymous_11)
FNDA:3,(anonymous_12)
FNDA:3,(anonymous_13)
FNDA:1,(anonymous_14)
FNDA:1,(anonymous_15)
FNDA:1,(anonymous_16)
FNDA:1,(anonymous_17)
DA:1,14
DA:21,14
DA:23,1
DA:24,3
DA:25,1
DA:28,1
DA:29,3
DA:30,1
DA:33,2
DA:35,2
DA:36,2
DA:37,1
DA:39,2
DA:40,2
DA:41,1
DA:43,2
DA:44,2
DA:45,1
DA:47,3
DA:48,3
DA:53,1
DA:54,1
DA:55,1
DA:56,1
DA:60,14
LF:25
LH:25
BRDA:36,0,0,1
BRDA:40,1,0,1
BRDA:44,2,0,1
BRF:3
BRH:3
end_of_record
TN:
SF:src/store/index.ts
FNF:0
FNH:0
DA:2,13
DA:4,13
DA:5,13
DA:6,13
DA:7,13
DA:10,13
DA:12,13
DA:20,13
LF:8
LH:8
BRF:0
BRH:0
end_of_record
TN:
SF:src/store/mutations.ts
FN:16,(anonymous_0)
FN:19,(anonymous_1)
FN:22,(anonymous_2)
FN:25,(anonymous_3)
FN:28,(anonymous_4)
FN:31,(anonymous_5)
FN:34,(anonymous_6)
FN:37,(anonymous_7)
FNF:8
FNH:8
FNDA:1,(anonymous_0)
FNDA:1,(anonymous_1)
FNDA:1,(anonymous_2)
FNDA:1,(anonymous_3)
FNDA:1,(anonymous_4)
FNDA:1,(anonymous_5)
FNDA:1,(anonymous_6)
FNDA:1,(anonymous_7)
DA:1,14
DA:15,14
DA:17,1
DA:20,1
DA:23,1
DA:26,1
DA:29,1
DA:32,1
DA:35,1
DA:38,1
DA:39,1
DA:40,1
DA:44,14
LF:13
LH:13
BRF:0
BRH:0
end_of_record
TN:
SF:src/store/state.ts
FN:3,(anonymous_0)
FNF:1
FNH:1
FNDA:37,(anonymous_0)
DA:3,17
DA:4,37
DA:15,17
LF:3
LH:3
BRF:0
BRH:0
end_of_record
TN:
SF:src/utils/nextElementInList.ts
FN:1,(anonymous_0)
FNF:1
FNH:1
FNDA:5,(anonymous_0)
DA:1,2
DA:2,5
DA:3,5
DA:4,5
DA:5,5
DA:8,2
LF:6
LH:6
BRF:0
BRH:0
end_of_record
TN:
SF:tests/unit/store/utils.ts
FN:5,(anonymous_1)
FN:10,(anonymous_2)
FN:16,(anonymous_3)
FNF:3
FNH:3
FNDA:21,(anonymous_1)
FNDA:3,(anonymous_2)
FNDA:23,(anonymous_3)
DA:1,3
DA:5,3
DA:6,21
DA:7,21
DA:10,3
DA:16,23
LF:6
LH:6
BRDA:5,0,0,0
BRDA:10,1,0,1
BRDA:16,2,0,2
BRF:3
BRH:2
end_of_record
